<?xml version="1.0" encoding="utf-8"?><testsuites name="pytest tests"><testsuite name="pytest" errors="0" failures="0" skipped="0" tests="13" time="53.172" timestamp="2026-02-20T12:26:24.769747+00:00" hostname="agent-env-58a42018-e262-4202-9a81-e5ccdfc641a2"><testcase classname="tests.test_admin_building_discovery.TestAdminBuildingDiscovery" name="test_discover_unauthenticated_returns_401" time="1.080" /><testcase classname="tests.test_admin_building_discovery.TestAdminBuildingDiscovery" name="test_discover_non_admin_returns_403" time="0.115" /><testcase classname="tests.test_admin_building_discovery.TestAdminBuildingDiscovery" name="test_discover_missing_city_returns_400" time="0.111" /><testcase classname="tests.test_admin_building_discovery.TestAdminBuildingDiscovery" name="test_discover_unsupported_city_returns_400" time="0.111" /><testcase classname="tests.test_admin_building_discovery.TestAdminBuildingDiscovery" name="test_discover_gurugram_success" time="8.011" /><testcase classname="tests.test_admin_building_discovery.TestAdminBuildingDiscovery" name="test_discover_delhi_success" time="20.231" /><testcase classname="tests.test_admin_building_discovery.TestAdminBuildingDiscovery" name="test_discover_mumbai_success" time="13.082" /><testcase classname="tests.test_admin_building_discovery.TestAdminBuildingDiscovery" name="test_discover_with_building_type_filter" time="4.641" /><testcase classname="tests.test_admin_building_discovery.TestAdminBuildingDiscovery" name="test_discover_response_structure" time="4.682" /><testcase classname="tests.test_admin_building_discovery.TestAdminBuildingsBasicCRUD" name="test_admin_list_buildings" time="0.467" /><testcase classname="tests.test_admin_building_discovery.TestAdminBuildingsBasicCRUD" name="test_admin_create_building" time="0.241" /><testcase classname="tests.test_admin_building_discovery.TestAuthEndpoints" name="test_auth_me_without_token_returns_401" time="0.101" /><testcase classname="tests.test_admin_building_discovery.TestAuthEndpoints" name="test_auth_me_with_invalid_token_returns_401" time="0.102" /></testsuite></testsuites>