<?xml version="1.0" encoding="utf-8"?><testsuites name="pytest tests"><testsuite name="pytest" errors="0" failures="0" skipped="0" tests="16" time="1.531" timestamp="2026-05-18T12:26:54.700844+00:00" hostname="agent-env-58a42018-e262-4202-9a81-e5ccdfc641a2"><testcase classname="backend.tests.test_p1_audit_and_potential.TestAdminAuditList" name="test_audit_endpoint_requires_admin" time="0.143" /><testcase classname="backend.tests.test_p1_audit_and_potential.TestAdminAuditList" name="test_audit_list_basic_shape" time="0.111" /><testcase classname="backend.tests.test_p1_audit_and_potential.TestAdminAuditList" name="test_audit_pagination_and_sort" time="0.047" /><testcase classname="backend.tests.test_p1_audit_and_potential.TestAdminAuditList" name="test_audit_filters_action" time="0.053" /><testcase classname="backend.tests.test_p1_audit_and_potential.TestAuditWritesFromMutations" name="test_approve_creates_audit" time="0.159" /><testcase classname="backend.tests.test_p1_audit_and_potential.TestAuditWritesFromMutations" name="test_reject_creates_audit" time="0.203" /><testcase classname="backend.tests.test_p1_audit_and_potential.TestAuditWritesFromMutations" name="test_bulk_approve_creates_audit" time="0.146" /><testcase classname="backend.tests.test_p1_audit_and_potential.TestAuditWritesFromMutations" name="test_bulk_reject_creates_audit" time="0.143" /><testcase classname="backend.tests.test_p1_audit_and_potential.TestAuditWritesFromMutations" name="test_intel_add_creates_audit" time="0.141" /><testcase classname="backend.tests.test_p1_audit_and_potential.TestBuildingPotential" name="test_potential_basic_shape" time="0.050" /><testcase classname="backend.tests.test_p1_audit_and_potential.TestBuildingPotential" name="test_widget_fields" time="0.045" /><testcase classname="backend.tests.test_p1_audit_and_potential.TestBuildingPotential" name="test_biogas_has_adjustable" time="0.047" /><testcase classname="backend.tests.test_p1_audit_and_potential.TestBuildingPotential" name="test_biogas_override_50_families_1kg" time="0.045" /><testcase classname="backend.tests.test_p1_audit_and_potential.TestBuildingPotential" name="test_potential_404_for_unknown" time="0.046" /><testcase classname="backend.tests.test_p1_audit_and_potential.TestSustenanceRegression" name="test_without_overrides" time="0.052" /><testcase classname="backend.tests.test_p1_audit_and_potential.TestSustenanceRegression" name="test_with_optional_params" time="0.048" /></testsuite></testsuites>