<?xml version="1.0" encoding="utf-8"?><testsuites name="pytest tests"><testsuite name="pytest" errors="0" failures="0" skipped="0" tests="14" time="5.958" timestamp="2026-05-19T07:21:24.400779+00:00" hostname="agent-env-58a42018-e262-4202-9a81-e5ccdfc641a2"><testcase classname="backend.tests.test_pdf_reports.TestPdfGeneration" name="test_citizen_owner_default" time="0.639" /><testcase classname="backend.tests.test_pdf_reports.TestPdfGeneration" name="test_persona_variations[rwa]" time="0.529" /><testcase classname="backend.tests.test_pdf_reports.TestPdfGeneration" name="test_persona_variations[provider]" time="0.488" /><testcase classname="backend.tests.test_pdf_reports.TestPdfGeneration" name="test_persona_variations[corporate_esg]" time="0.453" /><testcase classname="backend.tests.test_pdf_reports.TestPdfGeneration" name="test_unknown_persona_falls_back" time="0.468" /><testcase classname="backend.tests.test_pdf_reports.TestPdfGeneration" name="test_section_filtering_smaller" time="0.760" /><testcase classname="backend.tests.test_pdf_reports.TestPdfGeneration" name="test_biogas_override" time="0.465" /><testcase classname="backend.tests.test_pdf_reports.TestPdfGeneration" name="test_subsidies_default_for_citizen" time="0.433" /><testcase classname="backend.tests.test_pdf_reports.TestReportEmail" name="test_email_me_full_flow" time="0.474" /><testcase classname="backend.tests.test_pdf_reports.TestReportEmail" name="test_email_invalid_payload" time="0.110" /><testcase classname="backend.tests.test_pdf_reports.TestPdfPublicServe" name="test_unknown_upload_404" time="0.154" /><testcase classname="backend.tests.test_pdf_reports.TestAdminListing" name="test_unauth_blocked" time="0.101" /><testcase classname="backend.tests.test_pdf_reports.TestAdminListing" name="test_admin_listing" time="0.124" /><testcase classname="backend.tests.test_pdf_reports.TestWaitlistJoin" name="test_email_joins_waitlist" time="0.646" /></testsuite></testsuites>