<?xml version="1.0" encoding="utf-8"?><testsuites name="pytest tests"><testsuite name="pytest" errors="0" failures="3" skipped="0" tests="16" time="1.596" timestamp="2026-05-18T12:23:37.561264+00:00" hostname="agent-env-58a42018-e262-4202-9a81-e5ccdfc641a2"><testcase classname="backend.tests.test_p1_audit_and_potential.TestAdminAuditList" name="test_audit_endpoint_requires_admin" time="0.167" /><testcase classname="backend.tests.test_p1_audit_and_potential.TestAdminAuditList" name="test_audit_list_basic_shape" time="0.119" /><testcase classname="backend.tests.test_p1_audit_and_potential.TestAdminAuditList" name="test_audit_pagination_and_sort" time="0.053" /><testcase classname="backend.tests.test_p1_audit_and_potential.TestAdminAuditList" name="test_audit_filters_action" time="0.047" /><testcase classname="backend.tests.test_p1_audit_and_potential.TestAuditWritesFromMutations" name="test_approve_creates_audit" time="0.141" /><testcase classname="backend.tests.test_p1_audit_and_potential.TestAuditWritesFromMutations" name="test_reject_creates_audit" time="0.202"><failure message="AssertionError: no building.reject audit found&#10;assert None is not None">E   AssertionError: no building.reject audit found
    assert None is not None</failure></testcase><testcase classname="backend.tests.test_p1_audit_and_potential.TestAuditWritesFromMutations" name="test_bulk_approve_creates_audit" time="0.137" /><testcase classname="backend.tests.test_p1_audit_and_potential.TestAuditWritesFromMutations" name="test_bulk_reject_creates_audit" time="0.139" /><testcase classname="backend.tests.test_p1_audit_and_potential.TestAuditWritesFromMutations" name="test_intel_add_creates_audit" time="0.140" /><testcase classname="backend.tests.test_p1_audit_and_potential.TestBuildingPotential" name="test_potential_basic_shape" time="0.052" /><testcase classname="backend.tests.test_p1_audit_and_potential.TestBuildingPotential" name="test_widget_fields" time="0.047" /><testcase classname="backend.tests.test_p1_audit_and_potential.TestBuildingPotential" name="test_biogas_has_adjustable" time="0.069" /><testcase classname="backend.tests.test_p1_audit_and_potential.TestBuildingPotential" name="test_biogas_override_50_families_1kg" time="0.046"><failure message="AssertionError: daily_organic_waste_kg=100.0, expected ~50&#10;assert 100.0 &lt;= 52&#10; +  where 100.0 = float(100.0)">E   AssertionError: daily_organic_waste_kg=100.0, expected ~50
    assert 100.0 &lt;= 52
     +  where 100.0 = float(100.0)</failure></testcase><testcase classname="backend.tests.test_p1_audit_and_potential.TestBuildingPotential" name="test_potential_404_for_unknown" time="0.056" /><testcase classname="backend.tests.test_p1_audit_and_potential.TestSustenanceRegression" name="test_without_overrides" time="0.055" /><testcase classname="backend.tests.test_p1_audit_and_potential.TestSustenanceRegression" name="test_with_optional_params" time="0.050"><failure message="AssertionError: assert 100.0 &lt;= 52&#10; +  where 100.0 = float(100.0)&#10; +    where 100.0 = &lt;built-in method get of dict object at 0xf90999e6ce40&gt;('daily_organic_waste_kg', 0)&#10; +      where &lt;built-in method get of dict object at 0xf90999e6ce40&gt; = {'annual_savings_inr': 131400, 'annual_waste_diverted_kg': 36500, 'biogas_m3_per_day': 8.0, 'biogas_m3_per_year': 2920, ...}.get">E   AssertionError: assert 100.0 &lt;= 52
     +  where 100.0 = float(100.0)
     +    where 100.0 = &lt;built-in method get of dict object at 0xf90999e6ce40&gt;('daily_organic_waste_kg', 0)
     +      where &lt;built-in method get of dict object at 0xf90999e6ce40&gt; = {'annual_savings_inr': 131400, 'annual_waste_diverted_kg': 36500, 'biogas_m3_per_day': 8.0, 'biogas_m3_per_year': 2920, ...}.get</failure></testcase></testsuite></testsuites>