<?xml version="1.0" encoding="utf-8"?><testsuites name="pytest tests"><testsuite name="pytest" errors="0" failures="0" skipped="0" tests="13" time="53.340" timestamp="2026-02-20T13:03:46.914477+00:00" hostname="agent-env-58a42018-e262-4202-9a81-e5ccdfc641a2"><testcase classname="backend.tests.test_admin_building_discovery.TestAdminBuildingDiscovery" name="test_discover_unauthenticated_returns_401" time="0.919" /><testcase classname="backend.tests.test_admin_building_discovery.TestAdminBuildingDiscovery" name="test_discover_non_admin_returns_403" time="0.118" /><testcase classname="backend.tests.test_admin_building_discovery.TestAdminBuildingDiscovery" name="test_discover_missing_city_returns_400" time="0.130" /><testcase classname="backend.tests.test_admin_building_discovery.TestAdminBuildingDiscovery" name="test_discover_unsupported_city_returns_400" time="0.130" /><testcase classname="backend.tests.test_admin_building_discovery.TestAdminBuildingDiscovery" name="test_discover_gurugram_success" time="6.716" /><testcase classname="backend.tests.test_admin_building_discovery.TestAdminBuildingDiscovery" name="test_discover_delhi_success" time="17.739" /><testcase classname="backend.tests.test_admin_building_discovery.TestAdminBuildingDiscovery" name="test_discover_mumbai_success" time="15.232" /><testcase classname="backend.tests.test_admin_building_discovery.TestAdminBuildingDiscovery" name="test_discover_with_building_type_filter" time="4.910" /><testcase classname="backend.tests.test_admin_building_discovery.TestAdminBuildingDiscovery" name="test_discover_response_structure" time="6.337" /><testcase classname="backend.tests.test_admin_building_discovery.TestAdminBuildingsBasicCRUD" name="test_admin_list_buildings" time="0.497" /><testcase classname="backend.tests.test_admin_building_discovery.TestAdminBuildingsBasicCRUD" name="test_admin_create_building" time="0.215" /><testcase classname="backend.tests.test_admin_building_discovery.TestAuthEndpoints" name="test_auth_me_without_token_returns_401" time="0.119" /><testcase classname="backend.tests.test_admin_building_discovery.TestAuthEndpoints" name="test_auth_me_with_invalid_token_returns_401" time="0.126" /></testsuite></testsuites>