<?xml version="1.0" encoding="utf-8"?><testsuites name="pytest tests"><testsuite name="pytest" errors="0" failures="0" skipped="0" tests="12" time="2.001" timestamp="2026-05-18T12:42:38.854329+00:00" hostname="agent-env-58a42018-e262-4202-9a81-e5ccdfc641a2"><testcase classname="backend.tests.test_n6_subsidies.TestPublicSubsidies" name="test_list_all_returns_15" time="0.184" /><testcase classname="backend.tests.test_n6_subsidies.TestPublicSubsidies" name="test_filter_category_solar_reduces" time="0.050" /><testcase classname="backend.tests.test_n6_subsidies.TestPublicSubsidies" name="test_filter_type_loan_returns_4_bank_loans" time="0.047" /><testcase classname="backend.tests.test_n6_subsidies.TestPublicSubsidies" name="test_filter_q_sbi" time="0.047" /><testcase classname="backend.tests.test_n6_subsidies.TestPublicSubsidies" name="test_filter_state_maharashtra" time="0.049" /><testcase classname="backend.tests.test_n6_subsidies.TestSubsidyMatch" name="test_match_bld_001" time="0.048" /><testcase classname="backend.tests.test_n6_subsidies.TestSubsidyMatch" name="test_match_unknown_building_404" time="0.106" /><testcase classname="backend.tests.test_n6_subsidies.TestAdminSubsidies" name="test_admin_list_15" time="0.221" /><testcase classname="backend.tests.test_n6_subsidies.TestAdminSubsidies" name="test_admin_requires_auth" time="0.053" /><testcase classname="backend.tests.test_n6_subsidies.TestAdminSubsidies" name="test_full_crud_with_audit" time="0.994" /><testcase classname="backend.tests.test_n6_subsidies.TestAdminSubsidies" name="test_update_nonexistent_returns_404" time="0.051" /><testcase classname="backend.tests.test_n6_subsidies.TestAdminSubsidies" name="test_delete_nonexistent_returns_404" time="0.051" /></testsuite></testsuites>