<?xml version="1.0" encoding="utf-8"?><testsuites name="pytest tests"><testsuite name="pytest" errors="0" failures="0" skipped="0" tests="9" time="3.720" timestamp="2026-05-19T15:03:52.295796+00:00" hostname="agent-env-58a42018-e262-4202-9a81-e5ccdfc641a2"><testcase classname="backend.tests.test_iteration15_calculator_seed.TestQuickCalc" name="test_minimal_payload_creates_building" time="0.178" /><testcase classname="backend.tests.test_iteration15_calculator_seed.TestQuickCalc" name="test_with_email_and_bills_upserts_waitlist" time="0.131" /><testcase classname="backend.tests.test_iteration15_calculator_seed.TestQuickCalc" name="test_invalid_roof_area_rejected" time="0.124" /><testcase classname="backend.tests.test_iteration15_calculator_seed.TestPotentialNarrative" name="test_narrative_present_and_shape" time="0.242" /><testcase classname="backend.tests.test_iteration15_calculator_seed.TestSubsidiesMatch" name="test_match_returns_object" time="0.959" /><testcase classname="backend.tests.test_iteration15_calculator_seed.TestAdminSeed" name="test_seed_persona_teasers" time="0.863" /><testcase classname="backend.tests.test_iteration15_calculator_seed.TestAdminSeed" name="test_seed_subsidies" time="0.793" /><testcase classname="backend.tests.test_iteration15_calculator_seed.TestAdminSeed" name="test_seed_persona_teasers_unauth" time="0.144" /><testcase classname="backend.tests.test_iteration15_calculator_seed.TestAdminSeed" name="test_seed_subsidies_unauth" time="0.148" /></testsuite></testsuites>