<?xml version="1.0" encoding="utf-8"?><testsuites name="pytest tests"><testsuite name="pytest" errors="0" failures="0" skipped="0" tests="11" time="1.791" timestamp="2026-05-20T06:23:29.105257+00:00" hostname="agent-env-58a42018-e262-4202-9a81-e5ccdfc641a2"><testcase classname="backend.tests.test_iteration16_intel_pdf_vendor.TestPublicIntelTags" name="test_get_intel_tags_no_auth" time="0.315" /><testcase classname="backend.tests.test_iteration16_intel_pdf_vendor.TestPublicBuildingIntel" name="test_public_intel_seeded_building" time="0.056" /><testcase classname="backend.tests.test_iteration16_intel_pdf_vendor.TestPublicBuildingIntel" name="test_public_intel_unknown_building_returns_empty" time="0.059" /><testcase classname="backend.tests.test_iteration16_intel_pdf_vendor.TestAdminPdfFunnelStats" name="test_funnel_stats_requires_admin" time="0.053" /><testcase classname="backend.tests.test_iteration16_intel_pdf_vendor.TestAdminPdfFunnelStats" name="test_funnel_stats_returns_expected_shape" time="0.161" /><testcase classname="backend.tests.test_iteration16_intel_pdf_vendor.TestAdminIntelCRUD" name="test_post_intel_adds_note" time="0.052" /><testcase classname="backend.tests.test_iteration16_intel_pdf_vendor.TestAdminIntelCRUD" name="test_post_intel_invalid_severity_defaults_to_medium" time="0.099" /><testcase classname="backend.tests.test_iteration16_intel_pdf_vendor.TestAdminIntelCRUD" name="test_delete_intel_removes_note" time="0.149" /><testcase classname="backend.tests.test_iteration16_intel_pdf_vendor.TestVendorOfferingPDF" name="test_vendor_pdf_full_payload" time="0.290" /><testcase classname="backend.tests.test_iteration16_intel_pdf_vendor.TestVendorOfferingPDF" name="test_vendor_pdf_with_building_id_sized" time="0.237" /><testcase classname="backend.tests.test_iteration16_intel_pdf_vendor.TestVendorOfferingPDF" name="test_vendor_pdf_minimum_payload" time="0.205" /></testsuite></testsuites>