<?xml version="1.0" encoding="utf-8"?><testsuites name="pytest tests"><testsuite name="pytest" errors="0" failures="0" skipped="0" tests="8" time="1.374" timestamp="2026-05-20T09:36:47.693465+00:00" hostname="agent-env-58a42018-e262-4202-9a81-e5ccdfc641a2"><testcase classname="backend.tests.test_iteration17_insights_brochure.TestInsightsCities" name="test_cities_list_public" time="0.344" /><testcase classname="backend.tests.test_iteration17_insights_brochure.TestInsightsCityBengaluru" name="test_bengaluru_aggregate_shape" time="0.052" /><testcase classname="backend.tests.test_iteration17_insights_brochure.TestInsightsCityBengaluru" name="test_case_insensitive_lowercase" time="0.054" /><testcase classname="backend.tests.test_iteration17_insights_brochure.TestInsightsCityBengaluru" name="test_case_insensitive_uppercase" time="0.048" /><testcase classname="backend.tests.test_iteration17_insights_brochure.TestInsightsCityBengaluru" name="test_nonexistent_city_no_500" time="0.046" /><testcase classname="backend.tests.test_iteration17_insights_brochure.TestInsightsCityBengaluru" name="test_include_self_submitted_param" time="0.100" /><testcase classname="backend.tests.test_iteration17_insights_brochure.TestVendorOfferingPDF" name="test_pdf_minimal_payload" time="0.467" /><testcase classname="backend.tests.test_iteration17_insights_brochure.TestVendorOfferingPDF" name="test_pdf_full_payload" time="0.214" /></testsuite></testsuites>