<?xml version="1.0" encoding="utf-8"?><testsuites name="pytest tests"><testsuite name="pytest" errors="0" failures="0" skipped="0" tests="21" time="67.048" timestamp="2026-05-18T11:33:05.798242+00:00" hostname="agent-env-58a42018-e262-4202-9a81-e5ccdfc641a2"><testcase classname="backend.tests.test_phase1_admin_overhaul.TestAdminBuildingsList" name="test_returns_new_shape_with_counts_and_page" time="0.817" /><testcase classname="backend.tests.test_phase1_admin_overhaul.TestAdminBuildingsList" name="test_pagination_page_2" time="0.493" /><testcase classname="backend.tests.test_phase1_admin_overhaul.TestAdminBuildingsList" name="test_status_filter_approved" time="0.373" /><testcase classname="backend.tests.test_phase1_admin_overhaul.TestAdminBuildingsList" name="test_status_filter_rejected" time="0.115" /><testcase classname="backend.tests.test_phase1_admin_overhaul.TestAdminBuildingsList" name="test_status_filter_pending" time="0.125" /><testcase classname="backend.tests.test_phase1_admin_overhaul.TestAdminBuildingsList" name="test_building_type_multi_select" time="0.125" /><testcase classname="backend.tests.test_phase1_admin_overhaul.TestAdminBuildingsList" name="test_sort_options" time="0.790" /><testcase classname="backend.tests.test_phase1_admin_overhaul.TestAdminBuildingsList" name="test_city_filter_scopes_counts" time="0.104" /><testcase classname="backend.tests.test_phase1_admin_overhaul.TestAdminRejectBuilding" name="test_reject_unknown_id_404" time="0.103" /><testcase classname="backend.tests.test_phase1_admin_overhaul.TestAdminRejectBuilding" name="test_reject_sets_flags_and_reason" time="0.771" /><testcase classname="backend.tests.test_phase1_admin_overhaul.TestAdminBulkAction" name="test_bulk_invalid_action_400" time="0.108" /><testcase classname="backend.tests.test_phase1_admin_overhaul.TestAdminBulkAction" name="test_bulk_empty_ids_400" time="0.104" /><testcase classname="backend.tests.test_phase1_admin_overhaul.TestAdminBulkAction" name="test_bulk_approve_then_reject" time="0.342" /><testcase classname="backend.tests.test_phase1_admin_overhaul.TestIntelNotes" name="test_get_tag_vocabulary" time="0.107" /><testcase classname="backend.tests.test_phase1_admin_overhaul.TestIntelNotes" name="test_intel_404_on_unknown_building" time="0.113" /><testcase classname="backend.tests.test_phase1_admin_overhaul.TestIntelNotes" name="test_intel_crud_flow" time="0.658" /><testcase classname="backend.tests.test_phase1_admin_overhaul.TestIntelNotes" name="test_public_intel_endpoint" time="0.120" /><testcase classname="backend.tests.test_phase1_admin_overhaul.TestDiscoverStrictType" name="test_discover_requires_city" time="0.135" /><testcase classname="backend.tests.test_phase1_admin_overhaul.TestDiscoverStrictType" name="test_strict_type_param_accepted" time="26.562" /><testcase classname="backend.tests.test_phase1_admin_overhaul.TestRegression" name="test_beta_waitlist_post" time="34.425" /><testcase classname="backend.tests.test_phase1_admin_overhaul.TestRegression" name="test_zoho_webhook" time="0.478" /></testsuite></testsuites>