<?xml version="1.0" encoding="utf-8"?><testsuites name="pytest tests"><testsuite name="pytest" errors="0" failures="0" skipped="0" tests="18" time="5.554" timestamp="2026-05-18T10:55:21.924346+00:00" hostname="agent-env-58a42018-e262-4202-9a81-e5ccdfc641a2"><testcase classname="backend.tests.test_phase0_teaser_and_bugfixes.TestCmsPersonaPages" name="test_list_pages_contains_all_4_persona_slugs" time="0.148" /><testcase classname="backend.tests.test_phase0_teaser_and_bugfixes.TestCmsPersonaPages" name="test_page_detail_fields[for-homeowners-citizen]" time="0.112" /><testcase classname="backend.tests.test_phase0_teaser_and_bugfixes.TestCmsPersonaPages" name="test_page_detail_fields[for-homeowners-heat-action-citizen-crisis]" time="0.098" /><testcase classname="backend.tests.test_phase0_teaser_and_bugfixes.TestCmsPersonaPages" name="test_page_detail_fields[for-communities-rwa]" time="0.110" /><testcase classname="backend.tests.test_phase0_teaser_and_bugfixes.TestCmsPersonaPages" name="test_page_detail_fields[for-installers-vendor]" time="0.110" /><testcase classname="backend.tests.test_phase0_teaser_and_bugfixes.TestCmsPersonaPages" name="test_for_homeowners_exact_fields" time="0.111" /><testcase classname="backend.tests.test_phase0_teaser_and_bugfixes.TestBetaWaitlist" name="test_submit_valid_email_returns_saved_not_duplicate" time="0.107" /><testcase classname="backend.tests.test_phase0_teaser_and_bugfixes.TestBetaWaitlist" name="test_resubmit_same_email_returns_duplicate_true" time="0.120" /><testcase classname="backend.tests.test_phase0_teaser_and_bugfixes.TestBetaWaitlist" name="test_invalid_email_returns_4xx" time="0.107" /><testcase classname="backend.tests.test_phase0_teaser_and_bugfixes.TestZohoSurveyWebhook" name="test_webhook_with_email_field_captures_to_waitlist" time="0.109" /><testcase classname="backend.tests.test_phase0_teaser_and_bugfixes.TestZohoSurveyWebhook" name="test_webhook_with_email_in_responses_answer" time="0.116" /><testcase classname="backend.tests.test_phase0_teaser_and_bugfixes.TestZohoSurveyWebhook" name="test_webhook_without_email_still_stores" time="0.102" /><testcase classname="backend.tests.test_phase0_teaser_and_bugfixes.TestAdminEndpoints" name="test_admin_beta_waitlist_shape" time="0.455" /><testcase classname="backend.tests.test_phase0_teaser_and_bugfixes.TestAdminEndpoints" name="test_admin_zoho_survey_responses_shape" time="0.121" /><testcase classname="backend.tests.test_phase0_teaser_and_bugfixes.TestAdminEndpoints" name="test_admin_buildings_new_shape" time="0.379" /><testcase classname="backend.tests.test_phase0_teaser_and_bugfixes.TestAdminEndpoints" name="test_admin_buildings_limit_2000" time="0.435" /><testcase classname="backend.tests.test_phase0_teaser_and_bugfixes.TestAdminEndpoints" name="test_admin_buildings_total_matches_count" time="0.754" /><testcase classname="backend.tests.test_phase0_teaser_and_bugfixes.TestB11TerraceRegen" name="test_patch_terrace_refreshes_recommendations" time="1.977" /></testsuite></testsuites>